<?xml version="1.0" encoding="UTF-8"?>
<!-- Generated by org.testng.reporters.JUnitReportReporter -->
<testsuite hostname="DESKTOP-UPSF26K" failures="0" tests="3" name="parallelAndSeriesStudy.SeriesStudy" time="26.749" errors="0" timestamp="2022-03-23T14:40:36 IST" skipped="0">
  <testcase classname="parallelAndSeriesStudy.SeriesStudy" name="test1" time="8.157"/>
  <system-out/>
  <testcase classname="parallelAndSeriesStudy.SeriesStudy" name="test2" time="10.864"/>
  <system-out/>
  <testcase classname="parallelAndSeriesStudy.SeriesStudy" name="test3" time="7.728"/>
  <system-out/>
</testsuite> <!-- parallelAndSeriesStudy.SeriesStudy -->
