<?xml version="1.0" encoding="UTF-8"?>
<!-- Generated by org.testng.reporters.JUnitReportReporter -->
<testsuite hostname="DESKTOP-UPSF26K" failures="0" tests="1" name="kiteAppTestClasses.KiteAppUserNameValidationUsingProperties" time="2.679" errors="0" timestamp="2022-03-31T21:12:25 IST" skipped="0">
  <testcase classname="kiteAppTestClasses.KiteAppUserNameValidationUsingProperties" name="validateUserID" time="2.679"/>
  <system-out/>
</testsuite> <!-- kiteAppTestClasses.KiteAppUserNameValidationUsingProperties -->
