<?xml version="1.0" encoding="UTF-8"?>
<!-- Generated by org.testng.reporters.JUnitReportReporter -->
<testsuite hostname="DESKTOP-UPSF26K" failures="0" tests="1" name="kiteAppTestClasses.KiteUserNameValidation" time="6.460" errors="0" timestamp="2022-04-02T07:48:19 IST" skipped="0">
  <testcase classname="kiteAppTestClasses.KiteUserNameValidation" name="userNameValidation" time="6.460"/>
  <system-out>
    <![CDATA[Screenshot taken of TC100
Validated UserName]]>
  </system-out>
</testsuite> <!-- kiteAppTestClasses.KiteUserNameValidation -->
