<?xml version="1.0" encoding="UTF-8"?>
<!-- Generated by org.testng.reporters.JUnitReportReporter -->
<testsuite hostname="DESKTOP-UPSF26K" failures="0" tests="2" name="assertStudy.Equailto" time="0.022" errors="0" timestamp="2022-03-24T13:09:41 IST" skipped="0">
  <testcase classname="assertStudy.Equailto" name="tc12" time="0.004"/>
  <system-out/>
  <testcase classname="assertStudy.Equailto" name="tc1" time="0.018"/>
  <system-out/>
</testsuite> <!-- assertStudy.Equailto -->
