<?xml version="1.0" encoding="UTF-8"?>
<!-- Generated by org.testng.reporters.JUnitReportReporter -->
<testsuite hostname="DESKTOP-UPSF26K" failures="0" tests="1" name="testNGStudy.NewTest1" time="0.020" errors="0" timestamp="2022-03-20T13:38:28 IST" skipped="0">
  <testcase classname="testNGStudy.NewTest1" name="Mymethod" time="0.020"/>
  <system-out/>
</testsuite> <!-- testNGStudy.NewTest1 -->
