<?xml version="1.0" encoding="UTF-8"?>
<!-- Generated by org.testng.reporters.JUnitReportReporter -->
<testsuite hostname="DESKTOP-UPSF26K" failures="0" tests="1" name="testNGXmlStudy.Myclass" time="0.018" errors="0" timestamp="2022-03-23T13:41:20 IST" skipped="0">
  <testcase classname="testNGXmlStudy.Myclass" name="tc1" time="0.018"/>
  <system-out>
    <![CDATA[Running TC1 ]]>
  </system-out>
</testsuite> <!-- testNGXmlStudy.Myclass -->
