<?xml version="1.0" encoding="UTF-8"?>
<!-- Generated by org.testng.reporters.JUnitReportReporter -->
<testsuite hostname="DESKTOP-UPSF26K" failures="0" tests="3" name="parallelAndSeriesStudy.ParallelStudy" time="29.244" errors="0" timestamp="2022-03-23T15:00:43 IST" skipped="0">
  <testcase classname="parallelAndSeriesStudy.ParallelStudy" name="test3" time="7.458"/>
  <system-out/>
  <testcase classname="parallelAndSeriesStudy.ParallelStudy" name="test2" time="13.315"/>
  <system-out/>
  <testcase classname="parallelAndSeriesStudy.ParallelStudy" name="test1" time="8.471"/>
  <system-out/>
</testsuite> <!-- parallelAndSeriesStudy.ParallelStudy -->
