<?xml version="1.0" encoding="UTF-8"?>
<!-- Generated by org.testng.reporters.JUnitReportReporter -->
<testsuite hostname="DESKTOP-UPSF26K" failures="0" tests="1" name="kiteAppTestClasses.NewTest1" time="0.020" errors="0" timestamp="2022-03-31T20:48:15 IST" skipped="0">
  <testcase classname="kiteAppTestClasses.NewTest1" name="f" time="0.020"/>
  <system-out>
    <![CDATA[https://kite.zerodha.com/
HD5857
Ajinkya@123
969696]]>
  </system-out>
</testsuite> <!-- kiteAppTestClasses.NewTest1 -->
