<?xml version="1.0" encoding="UTF-8"?>
<!-- Generated by org.testng.reporters.JUnitReportReporter -->
<testsuite hostname="DESKTOP-UPSF26K" failures="0" tests="1" name="testNGStudy.kiteLogin" time="7.027" errors="0" timestamp="2022-03-20T13:48:11 IST" skipped="0">
  <testcase classname="testNGStudy.kiteLogin" name="erodha" time="7.027"/>
  <system-out/>
</testsuite> <!-- testNGStudy.kiteLogin -->
