<?xml version="1.0" encoding="UTF-8"?>
<!-- Generated by org.testng.reporters.JUnitReportReporter -->
<testsuite hostname="DESKTOP-UPSF26K" failures="0" tests="2" name="testNGXmlStudy.NewTest123" time="0.017" errors="0" timestamp="2022-03-23T13:53:38 IST" skipped="0">
  <testcase classname="testNGXmlStudy.NewTest123" name="tc2" time="0.015"/>
  <system-out>
    <![CDATA[Running sanity ]]>
  </system-out>
  <testcase classname="testNGXmlStudy.NewTest123" name="tc4" time="0.002"/>
  <system-out>
    <![CDATA[Running sanity ]]>
  </system-out>
</testsuite> <!-- testNGXmlStudy.NewTest123 -->
