<?xml version="1.0" encoding="UTF-8"?>
<!-- Generated by org.testng.reporters.JUnitReportReporter -->
<testsuite hostname="DESKTOP-UPSF26K" failures="0" tests="2" name="testNGStudy.Mytest" time="0.029" errors="0" timestamp="2022-03-20T14:08:17 IST" skipped="0">
  <testcase classname="testNGStudy.Mytest" name="MyMethod2" time="0.005"/>
  <system-out>
    <![CDATA[Welcome to Test NG2]]>
  </system-out>
  <testcase classname="testNGStudy.Mytest" name="MyMethod" time="0.024"/>
  <system-out/>
</testsuite> <!-- testNGStudy.Mytest -->
